<?xml version="1.0" encoding="UTF-8"?>
<!-- Generated by org.testng.reporters.JUnitXMLReporter -->
<testsuite ignored="0" hostname="Mohammad" failures="0" tests="8" name="Default test" time="5.051" errors="0" timestamp="2023-06-05T01:21:58 EDT">
  <testcase classname="api.test.DDTest" name="testPostUser" time="2.121"/>
  <testcase classname="api.test.DDTest" name="testPostUser" time="0.323"/>
  <testcase classname="api.test.DDTest" name="testPostUser" time="0.24"/>
  <testcase classname="api.test.DDTest" name="testPostUser" time="0.244"/>
  <testcase classname="api.test.DDTest" name="testDeleteUser" time="0.297"/>
  <testcase classname="api.test.DDTest" name="testDeleteUser" time="0.238"/>
  <testcase classname="api.test.DDTest" name="testDeleteUser" time="0.305"/>
  <testcase classname="api.test.DDTest" name="testDeleteUser" time="0.226"/>
</testsuite> <!-- Default test -->
