<?xml version="1.0" encoding="UTF-8"?>
<testng-results ignored="0" total="4" passed="4" failed="0" skipped="0">
  <reporter-output>
  </reporter-output>
  <suite started-at="2023-06-07T07:39:49 EDT" name="PetSuite" finished-at="2023-06-07T07:39:53 EDT" duration-ms="4606">
    <groups>
    </groups>
    <test started-at="2023-06-07T07:39:49 EDT" name="Test" finished-at="2023-06-07T07:39:53 EDT" duration-ms="4606">
      <class name="api.test.UserTests2">
        <test-method is-config="true" signature="setupData()[pri:0, instance:api.test.UserTests2@f5ac9e4]" started-at="2023-06-07T07:39:49 EDT" name="setupData" finished-at="2023-06-07T07:39:49 EDT" duration-ms="274" status="PASS">
          <reporter-output>
          </reporter-output>
        </test-method> <!-- setupData -->
        <test-method signature="testPostUser()[pri:1, instance:api.test.UserTests2@f5ac9e4]" started-at="2023-06-07T07:39:49 EDT" name="testPostUser" finished-at="2023-06-07T07:39:52 EDT" duration-ms="2672" status="PASS">
          <reporter-output>
          </reporter-output>
        </test-method> <!-- testPostUser -->
        <test-method signature="testGetUserByName()[pri:2, instance:api.test.UserTests2@f5ac9e4]" started-at="2023-06-07T07:39:52 EDT" name="testGetUserByName" finished-at="2023-06-07T07:39:52 EDT" duration-ms="269" status="PASS">
          <reporter-output>
          </reporter-output>
        </test-method> <!-- testGetUserByName -->
        <test-method signature="testUpdateUserByName()[pri:3, instance:api.test.UserTests2@f5ac9e4]" started-at="2023-06-07T07:39:52 EDT" name="testUpdateUserByName" finished-at="2023-06-07T07:39:53 EDT" duration-ms="688" status="PASS">
          <reporter-output>
          </reporter-output>
        </test-method> <!-- testUpdateUserByName -->
        <test-method signature="testDeleteUserByName()[pri:4, instance:api.test.UserTests2@f5ac9e4]" started-at="2023-06-07T07:39:53 EDT" name="testDeleteUserByName" finished-at="2023-06-07T07:39:53 EDT" duration-ms="346" status="PASS">
          <reporter-output>
          </reporter-output>
        </test-method> <!-- testDeleteUserByName -->
      </class> <!-- api.test.UserTests2 -->
    </test> <!-- Test -->
  </suite> <!-- PetSuite -->
</testng-results>
