<?xml version="1.0" encoding="UTF-8"?>
<!-- Generated by org.testng.reporters.JUnitXMLReporter -->
<testsuite ignored="0" hostname="Mohammad" failures="0" tests="4" name="Test" time="4.606" errors="0" timestamp="2023-06-07T07:39:53 EDT">
  <testcase classname="api.test.UserTests2" name="testPostUser" time="2.672"/>
  <testcase classname="api.test.UserTests2" name="testGetUserByName" time="0.269"/>
  <testcase classname="api.test.UserTests2" name="testUpdateUserByName" time="0.688"/>
  <testcase classname="api.test.UserTests2" name="testDeleteUserByName" time="0.346"/>
</testsuite> <!-- Test -->
